C51 COMPILER V9.60.0.0   13_LCD_SHIFTING_CHAR                                              05/03/2020 19:29:15 PAGE 1   


C51 COMPILER V9.60.0.0, COMPILATION OF MODULE 13_LCD_SHIFTING_CHAR
OBJECT MODULE PLACED IN .\Objects\13_LCD_Shifting_Char.obj
COMPILER INVOKED BY: C:\Keil_v5\C51\BIN\C51.EXE 13_LCD_Shifting_Char.c OPTIMIZE(8,SPEED) BROWSE DEBUG OBJECTEXTEND PRINT
                    -(.\Listings\13_LCD_Shifting_Char.lst) TABS(2) OBJECT(.\Objects\13_LCD_Shifting_Char.obj)

line level    source

   1          #include<reg51.h>
   2          
   3          #define ldata P2
   4          sbit rs = P3^0;
   5          sbit rw = P3^1;
   6          sbit en = P3^2;
   7          
   8          void lcdcmd(unsigned char value);
   9          void lcddata(unsigned char value);
  10          void MSDelay(unsigned int itime);
  11          unsigned char i,s;
  12          void lcdcmd(unsigned char value)
  13            {
  14   1          ldata = value;
  15   1          rs =  0;
  16   1          rw = 0;
  17   1          en = 1;
  18   1          MSDelay(1);
  19   1          en = 0;
  20   1          return;
  21   1        }
  22          void lcddata(unsigned char value)
  23            {
  24   1          ldata = value;
  25   1          rs =  1;
  26   1          rw = 0;
  27   1          en = 1;
  28   1          MSDelay(1);
  29   1          en = 0;
  30   1          return;
  31   1        }
  32          void MSDelay(unsigned int itime)
  33            {
  34   1          unsigned  int i,j;
  35   1          for(i=0;i<itime;i++)
  36   1            for(j=0;j<1275;j++);
  37   1        }
  38          
  39          void LCD_Message (unsigned char *c) 
  40          {
  41   1        int n;
  42   1        for(n=0;c[n]!=0;n++)  
  43   1        {
  44   2          lcddata(c[n]);  
  45   2        }
  46   1      }
  47          
  48          void LCD_String_xy (char row, char pos, char *x)  
  49          {
  50   1        if (row == 0)
  51   1        lcdcmd((pos & 0x0F)|0x80);
  52   1        else if (row == 1)
  53   1        lcdcmd((pos & 0x0F)|0xC0);
  54   1        LCD_Message(x); 
C51 COMPILER V9.60.0.0   13_LCD_SHIFTING_CHAR                                              05/03/2020 19:29:15 PAGE 2   

  55   1      }
  56          
  57          void LCD_Init (void)    
  58          { 
  59   1        MSDelay(20);    
  60   1        lcdcmd(0x38); 
  61   1        lcdcmd(0x0C); 
  62   1        lcdcmd(0x06); 
  63   1        lcdcmd(0x01);
  64   1        lcdcmd(0x80); 
  65   1      }
  66          
  67          void main()
  68          {
  69   1      
  70   1        LCD_Init();   
  71   1        LCD_Message("                Use only 16 char");  //change your name here do not replace the space inside
             - the ""
  72   1        lcdcmd(0xC0);
  73   1        LCD_Message("                 Type your Name ");   //add your text here
  74   1        MSDelay(250);
  75   1        s=48;                       
  76   1      while(1)
  77   1      {
  78   2        for(i=0;i<s;i++)        
  79   2        { 
  80   3          lcdcmd(0x1c);         //lcdcmd(0x18);   //use this line for right shift
  81   3          MSDelay(30);
  82   3        }           
  83   2       }  
  84   1      }
  85           


MODULE INFORMATION:   STATIC OVERLAYABLE
   CODE SIZE        =    254    ----
   CONSTANT SIZE    =     66    ----
   XDATA SIZE       =   ----    ----
   PDATA SIZE       =   ----    ----
   DATA SIZE        =      2      10
   IDATA SIZE       =   ----    ----
   BIT SIZE         =   ----    ----
END OF MODULE INFORMATION.


C51 COMPILATION COMPLETE.  0 WARNING(S),  0 ERROR(S)
